# JRE version: Java(TM) SE Runtime Environment (17.0.11+7) (build 17.0.11+7-LTS-207)
# Java VM: Java HotSpot(TM) 64-Bit Server VM (17.0.11+7-LTS-207, mixed mode, sharing, tiered, compressed oops, compressed class ptrs, g1 gc, windows-amd64)
GC Precious Log:
 CPUs: 12 total, 12 available
 Memory: 16076M
 Large Page Support: Disabled
 NUMA Support: Disabled
 Compressed Oops: Enabled (32-bit)
 Heap Region Size: 1M
 Heap Min Capacity: 256M
 Heap Initial Capacity: 256M
 Heap Max Capacity: 512M
 Pre-touch: Disabled
 Parallel Workers: 10
 Concurrent Workers: 3
 Concurrent Refinement Workers: 10
 Periodic GC: Disabled
Heap:
 garbage-first heap   total 262144K, used 172332K [0x00000000e0000000, 0x0000000100000000)
  region size 1024K, 124 young (126976K), 10 survivors (10240K)
 Metaspace       used 57847K, committed 58560K, reserved 393216K
  class space    used 7969K, committed 8320K, reserved 327680K
GC Heap History (16 events):
Event: 1.895 GC heap before
{Heap before GC invocations=0 (full 0):
 garbage-first heap   total 262144K, used 22528K [0x00000000e0000000, 0x0000000100000000)
  region size 1024K, 23 young (23552K), 0 survivors (0K)
 Metaspace       used 1155K, committed 1280K, reserved 393216K
  class space    used 87K, committed 128K, reserved 327680K
}
Event: 1.901 GC heap after
{Heap after GC invocations=1 (full 0):
 garbage-first heap   total 262144K, used 5160K [0x00000000e0000000, 0x0000000100000000)
  region size 1024K, 3 young (3072K), 3 survivors (3072K)
 Metaspace       used 1155K, committed 1280K, reserved 393216K
  class space    used 87K, committed 128K, reserved 327680K
}
Event: 3.554 GC heap before
{Heap before GC invocations=1 (full 0):
 garbage-first heap   total 262144K, used 38952K [0x00000000e0000000, 0x0000000100000000)
  region size 1024K, 32 young (32768K), 3 survivors (3072K)
 Metaspace       used 4084K, committed 4288K, reserved 393216K
  class space    used 509K, committed 640K, reserved 327680K
}
Event: 3.561 GC heap after
{Heap after GC invocations=2 (full 0):
 garbage-first heap   total 262144K, used 11992K [0x00000000e0000000, 0x0000000100000000)
  region size 1024K, 3 young (3072K), 3 survivors (3072K)
 Metaspace       used 4084K, committed 4288K, reserved 393216K
  class space    used 509K, committed 640K, reserved 327680K
}
Event: 5.650 GC heap before
{Heap before GC invocations=2 (full 0):
 garbage-first heap   total 262144K, used 57048K [0x00000000e0000000, 0x0000000100000000)
  region size 1024K, 45 young (46080K), 3 survivors (3072K)
 Metaspace       used 4302K, committed 4544K, reserved 393216K
  class space    used 526K, committed 640K, reserved 327680K
}
Event: 5.656 GC heap after
{Heap after GC invocations=3 (full 0):
 garbage-first heap   total 262144K, used 17189K [0x00000000e0000000, 0x0000000100000000)
  region size 1024K, 6 young (6144K), 6 survivors (6144K)
 Metaspace       used 4302K, committed 4544K, reserved 393216K
  class space    used 526K, committed 640K, reserved 327680K
}
Event: 18.132 GC heap before
{Heap before GC invocations=3 (full 0):
 garbage-first heap   total 262144K, used 129829K [0x00000000e0000000, 0x0000000100000000)
  region size 1024K, 117 young (119808K), 6 survivors (6144K)
 Metaspace       used 21244K, committed 21504K, reserved 393216K
  class space    used 3122K, committed 3264K, reserved 327680K
}
Event: 18.149 GC heap after
{Heap after GC invocations=4 (full 0):
 garbage-first heap   total 262144K, used 24323K [0x00000000e0000000, 0x0000000100000000)
  region size 1024K, 13 young (13312K), 13 survivors (13312K)
 Metaspace       used 21244K, committed 21504K, reserved 393216K
  class space    used 3122K, committed 3264K, reserved 327680K
}
Event: 23.517 GC heap before
{Heap before GC invocations=5 (full 0):
 garbage-first heap   total 262144K, used 150275K [0x00000000e0000000, 0x0000000100000000)
  region size 1024K, 133 young (136192K), 13 survivors (13312K)
 Metaspace       used 35700K, committed 36096K, reserved 393216K
  class space    used 4962K, committed 5120K, reserved 327680K
}
Event: 23.537 GC heap after
{Heap after GC invocations=6 (full 0):
 garbage-first heap   total 262144K, used 33090K [0x00000000e0000000, 0x0000000100000000)
  region size 1024K, 16 young (16384K), 16 survivors (16384K)
 Metaspace       used 35700K, committed 36096K, reserved 393216K
  class space    used 4962K, committed 5120K, reserved 327680K
}
Event: 35.311 GC heap before
{Heap before GC invocations=7 (full 0):
 garbage-first heap   total 262144K, used 174402K [0x00000000e0000000, 0x0000000100000000)
  region size 1024K, 153 young (156672K), 16 survivors (16384K)
 Metaspace       used 48363K, committed 48896K, reserved 393216K
  class space    used 6899K, committed 7168K, reserved 327680K
}
Event: 35.340 GC heap after
{Heap after GC invocations=8 (full 0):
 garbage-first heap   total 262144K, used 39979K [0x00000000e0000000, 0x0000000100000000)
  region size 1024K, 16 young (16384K), 16 survivors (16384K)
 Metaspace       used 48363K, committed 48896K, reserved 393216K
  class space    used 6899K, committed 7168K, reserved 327680K
}
Event: 67.030 GC heap before
{Heap before GC invocations=8 (full 0):
 garbage-first heap   total 262144K, used 179243K [0x00000000e0000000, 0x0000000100000000)
  region size 1024K, 153 young (156672K), 16 survivors (16384K)
 Metaspace       used 54649K, committed 55232K, reserved 393216K
  class space    used 7706K, committed 8000K, reserved 327680K
}
Event: 67.053 GC heap after
{Heap after GC invocations=9 (full 0):
 garbage-first heap   total 262144K, used 51200K [0x00000000e0000000, 0x0000000100000000)
  region size 1024K, 18 young (18432K), 18 survivors (18432K)
 Metaspace       used 54649K, committed 55232K, reserved 393216K
  class space    used 7706K, committed 8000K, reserved 327680K
}
Event: 115.568 GC heap before
{Heap before GC invocations=9 (full 0):
 garbage-first heap   total 262144K, used 188416K [0x00000000e0000000, 0x0000000100000000)
  region size 1024K, 153 young (156672K), 18 survivors (18432K)
 Metaspace       used 56646K, committed 57216K, reserved 393216K
  class space    used 7891K, committed 8192K, reserved 327680K
}
Event: 115.595 GC heap after
{Heap after GC invocations=10 (full 0):
 garbage-first heap   total 262144K, used 57644K [0x00000000e0000000, 0x0000000100000000)
  region size 1024K, 10 young (10240K), 10 survivors (10240K)
 Metaspace       used 56646K, committed 57216K, reserved 393216K
  class space    used 7891K, committed 8192K, reserved 327680K
}

